<?xml version="1.0" encoding="UTF-8"?>
<testng-results skipped="0" failed="1" ignored="0" total="7" passed="6">
  <reporter-output>
  </reporter-output>
  <suite name="Suite" duration-ms="8572" started-at="2019-01-07T17:44:04Z" finished-at="2019-01-07T17:44:12Z">
    <groups>
    </groups>
    <test name="Test" duration-ms="8572" started-at="2019-01-07T17:44:04Z" finished-at="2019-01-07T17:44:12Z">
      <class name="groupktservice.apiTestSuite.ApiTest">
        <test-method status="PASS" signature="initialize_ConfigVariables()[pri:0, instance:groupktservice.apiTestSuite.ApiTest@382c90c2]" name="initialize_ConfigVariables" is-config="true" duration-ms="56" started-at="2019-01-07T17:44:04Z" finished-at="2019-01-07T17:44:04Z">
          <reporter-output>
          </reporter-output>
        </test-method> <!-- initialize_ConfigVariables -->
        <test-method status="PASS" signature="getBaseConfig()[pri:0, instance:groupktservice.apiTestSuite.ApiTest@382c90c2]" name="getBaseConfig" is-config="true" duration-ms="1523" started-at="2019-01-07T17:44:04Z" finished-at="2019-01-07T17:44:05Z">
          <reporter-output>
          </reporter-output>
        </test-method> <!-- getBaseConfig -->
        <test-method status="PASS" signature="TC_001_VerifyAllContryResponseHas_US_DE_GB_InAlpha2()[pri:0, instance:groupktservice.apiTestSuite.ApiTest@382c90c2]" name="TC_001_VerifyAllContryResponseHas_US_DE_GB_InAlpha2" duration-ms="3658" started-at="2019-01-07T17:44:05Z" finished-at="2019-01-07T17:44:09Z">
          <reporter-output>
          </reporter-output>
        </test-method> <!-- TC_001_VerifyAllContryResponseHas_US_DE_GB_InAlpha2 -->
        <test-method status="PASS" signature="getBaseConfig()[pri:0, instance:groupktservice.apiTestSuite.ApiTest@382c90c2]" name="getBaseConfig" is-config="true" duration-ms="0" started-at="2019-01-07T17:44:09Z" finished-at="2019-01-07T17:44:09Z">
          <reporter-output>
          </reporter-output>
        </test-method> <!-- getBaseConfig -->
        <test-method status="PASS" signature="TC_002_VerifyIndividualResponse_US_InAlpha2AndAlpha3()[pri:0, instance:groupktservice.apiTestSuite.ApiTest@382c90c2]" name="TC_002_VerifyIndividualResponse_US_InAlpha2AndAlpha3" duration-ms="534" started-at="2019-01-07T17:44:09Z" finished-at="2019-01-07T17:44:10Z">
          <reporter-output>
          </reporter-output>
        </test-method> <!-- TC_002_VerifyIndividualResponse_US_InAlpha2AndAlpha3 -->
        <test-method status="PASS" signature="getBaseConfig()[pri:0, instance:groupktservice.apiTestSuite.ApiTest@382c90c2]" name="getBaseConfig" is-config="true" duration-ms="0" started-at="2019-01-07T17:44:10Z" finished-at="2019-01-07T17:44:10Z">
          <reporter-output>
          </reporter-output>
        </test-method> <!-- getBaseConfig -->
        <test-method status="PASS" signature="TC_003_VerifyIndividualResponse_US_lowercase_InAlpha2AndAlpha3()[pri:0, instance:groupktservice.apiTestSuite.ApiTest@382c90c2]" name="TC_003_VerifyIndividualResponse_US_lowercase_InAlpha2AndAlpha3" duration-ms="535" started-at="2019-01-07T17:44:10Z" finished-at="2019-01-07T17:44:10Z">
          <reporter-output>
          </reporter-output>
        </test-method> <!-- TC_003_VerifyIndividualResponse_US_lowercase_InAlpha2AndAlpha3 -->
        <test-method status="PASS" signature="getBaseConfig()[pri:0, instance:groupktservice.apiTestSuite.ApiTest@382c90c2]" name="getBaseConfig" is-config="true" duration-ms="1" started-at="2019-01-07T17:44:10Z" finished-at="2019-01-07T17:44:10Z">
          <reporter-output>
          </reporter-output>
        </test-method> <!-- getBaseConfig -->
        <test-method status="PASS" signature="TC_004_VerifyIndividualResponse_DE_InAlpha2AndAlpha3()[pri:0, instance:groupktservice.apiTestSuite.ApiTest@382c90c2]" name="TC_004_VerifyIndividualResponse_DE_InAlpha2AndAlpha3" duration-ms="540" started-at="2019-01-07T17:44:10Z" finished-at="2019-01-07T17:44:11Z">
          <reporter-output>
          </reporter-output>
        </test-method> <!-- TC_004_VerifyIndividualResponse_DE_InAlpha2AndAlpha3 -->
        <test-method status="PASS" signature="getBaseConfig()[pri:0, instance:groupktservice.apiTestSuite.ApiTest@382c90c2]" name="getBaseConfig" is-config="true" duration-ms="0" started-at="2019-01-07T17:44:11Z" finished-at="2019-01-07T17:44:11Z">
          <reporter-output>
          </reporter-output>
        </test-method> <!-- getBaseConfig -->
        <test-method status="PASS" signature="TC_005_VerifyIndividualResponse_GB_InAlpha2AndAlpha3()[pri:0, instance:groupktservice.apiTestSuite.ApiTest@382c90c2]" name="TC_005_VerifyIndividualResponse_GB_InAlpha2AndAlpha3" duration-ms="537" started-at="2019-01-07T17:44:11Z" finished-at="2019-01-07T17:44:11Z">
          <reporter-output>
          </reporter-output>
        </test-method> <!-- TC_005_VerifyIndividualResponse_GB_InAlpha2AndAlpha3 -->
        <test-method status="PASS" signature="getBaseConfig()[pri:0, instance:groupktservice.apiTestSuite.ApiTest@382c90c2]" name="getBaseConfig" is-config="true" duration-ms="0" started-at="2019-01-07T17:44:11Z" finished-at="2019-01-07T17:44:11Z">
          <reporter-output>
          </reporter-output>
        </test-method> <!-- getBaseConfig -->
        <test-method status="PASS" signature="TC_006_VerifyIndividualResponseForNonExistentCountry_AlienCountry()[pri:0, instance:groupktservice.apiTestSuite.ApiTest@382c90c2]" name="TC_006_VerifyIndividualResponseForNonExistentCountry_AlienCountry" duration-ms="561" started-at="2019-01-07T17:44:11Z" finished-at="2019-01-07T17:44:12Z">
          <reporter-output>
          </reporter-output>
        </test-method> <!-- TC_006_VerifyIndividualResponseForNonExistentCountry_AlienCountry -->
        <test-method status="FAIL" signature="TC_007_VerifyPostRequestThatIsUnderDevelopment()[pri:0, instance:groupktservice.apiTestSuite.ApiTest@382c90c2]" name="TC_007_VerifyPostRequestThatIsUnderDevelopment" duration-ms="572" started-at="2019-01-07T17:44:12Z" finished-at="2019-01-07T17:44:12Z">
          <exception class="java.lang.AssertionError">
            <message>
              <![CDATA[1 expectation failed.
Expected status code <201> but was <200>.
]]>
            </message>
            <full-stacktrace>
              <![CDATA[java.lang.AssertionError: 1 expectation failed.
Expected status code <201> but was <200>.

at sun.reflect.NativeConstructorAccessorImpl.newInstance0(Native Method)
at sun.reflect.NativeConstructorAccessorImpl.newInstance(NativeConstructorAccessorImpl.java:62)
at sun.reflect.DelegatingConstructorAccessorImpl.newInstance(DelegatingConstructorAccessorImpl.java:45)
at java.lang.reflect.Constructor.newInstance(Constructor.java:423)
at org.codehaus.groovy.reflection.CachedConstructor.invoke(CachedConstructor.java:83)
at org.codehaus.groovy.reflection.CachedConstructor.doConstructorInvoke(CachedConstructor.java:77)
at org.codehaus.groovy.runtime.callsite.ConstructorSite$ConstructorSiteNoUnwrap.callConstructor(ConstructorSite.java:84)
at org.codehaus.groovy.runtime.callsite.CallSiteArray.defaultCallConstructor(CallSiteArray.java:59)
at org.codehaus.groovy.runtime.callsite.AbstractCallSite.callConstructor(AbstractCallSite.java:238)
at org.codehaus.groovy.runtime.callsite.AbstractCallSite.callConstructor(AbstractCallSite.java:250)
at io.restassured.internal.ResponseSpecificationImpl$HamcrestAssertionClosure.validate(ResponseSpecificationImpl.groovy:483)
at io.restassured.internal.ResponseSpecificationImpl$HamcrestAssertionClosure$validate$1.call(Unknown Source)
at io.restassured.internal.ResponseSpecificationImpl.validateResponseIfRequired(ResponseSpecificationImpl.groovy:655)
at sun.reflect.GeneratedMethodAccessor50.invoke(Unknown Source)
at sun.reflect.DelegatingMethodAccessorImpl.invoke(DelegatingMethodAccessorImpl.java:43)
at java.lang.reflect.Method.invoke(Method.java:498)
at org.codehaus.groovy.runtime.callsite.PogoMetaMethodSite$PogoCachedMethodSiteNoUnwrapNoCoerce.invoke(PogoMetaMethodSite.java:210)
at org.codehaus.groovy.runtime.callsite.PogoMetaMethodSite.callCurrent(PogoMetaMethodSite.java:59)
at org.codehaus.groovy.runtime.callsite.AbstractCallSite.callCurrent(AbstractCallSite.java:169)
at io.restassured.internal.ResponseSpecificationImpl.statusCode(ResponseSpecificationImpl.groovy:123)
at io.restassured.specification.ResponseSpecification$statusCode$0.callCurrent(Unknown Source)
at io.restassured.internal.ResponseSpecificationImpl.statusCode(ResponseSpecificationImpl.groovy:131)
at io.restassured.internal.ValidatableResponseOptionsImpl.statusCode(ValidatableResponseOptionsImpl.java:119)
at groupktservice.apiTestSuite.ApiTest.TC_007_VerifyPostRequestThatIsUnderDevelopment(ApiTest.java:114)
at sun.reflect.NativeMethodAccessorImpl.invoke0(Native Method)
at sun.reflect.NativeMethodAccessorImpl.invoke(NativeMethodAccessorImpl.java:62)
at sun.reflect.DelegatingMethodAccessorImpl.invoke(DelegatingMethodAccessorImpl.java:43)
at java.lang.reflect.Method.invoke(Method.java:498)
at org.testng.internal.MethodInvocationHelper.invokeMethod(MethodInvocationHelper.java:124)
at org.testng.internal.Invoker.invokeMethod(Invoker.java:583)
at org.testng.internal.Invoker.invokeTestMethod(Invoker.java:719)
at org.testng.internal.Invoker.invokeTestMethods(Invoker.java:989)
at org.testng.internal.TestMethodWorker.invokeTestMethods(TestMethodWorker.java:125)
at org.testng.internal.TestMethodWorker.run(TestMethodWorker.java:109)
at org.testng.TestRunner.privateRun(TestRunner.java:648)
at org.testng.TestRunner.run(TestRunner.java:505)
at org.testng.SuiteRunner.runTest(SuiteRunner.java:455)
at org.testng.SuiteRunner.runSequentially(SuiteRunner.java:450)
at org.testng.SuiteRunner.privateRun(SuiteRunner.java:415)
at org.testng.SuiteRunner.run(SuiteRunner.java:364)
at org.testng.SuiteRunnerWorker.runSuite(SuiteRunnerWorker.java:52)
at org.testng.SuiteRunnerWorker.run(SuiteRunnerWorker.java:84)
at org.testng.TestNG.runSuitesSequentially(TestNG.java:1208)
at org.testng.TestNG.runSuitesLocally(TestNG.java:1137)
at org.testng.TestNG.runSuites(TestNG.java:1049)
at org.testng.TestNG.run(TestNG.java:1017)
at org.apache.maven.surefire.testng.TestNGExecutor.run(TestNGExecutor.java:293)
at org.apache.maven.surefire.testng.TestNGXmlTestSuite.execute(TestNGXmlTestSuite.java:84)
at org.apache.maven.surefire.testng.TestNGProvider.invoke(TestNGProvider.java:91)
at sun.reflect.NativeMethodAccessorImpl.invoke0(Native Method)
at sun.reflect.NativeMethodAccessorImpl.invoke(NativeMethodAccessorImpl.java:62)
at sun.reflect.DelegatingMethodAccessorImpl.invoke(DelegatingMethodAccessorImpl.java:43)
at java.lang.reflect.Method.invoke(Method.java:498)
at org.apache.maven.surefire.util.ReflectionUtils.invokeMethodWithArray2(ReflectionUtils.java:208)
at org.apache.maven.surefire.booter.ProviderFactory$ProviderProxy.invoke(ProviderFactory.java:156)
at org.apache.maven.surefire.booter.ProviderFactory.invokeProvider(ProviderFactory.java:82)
at org.apache.maven.plugin.surefire.InPluginVMSurefireStarter.runSuitesInProcess(InPluginVMSurefireStarter.java:82)
at org.apache.maven.plugin.surefire.AbstractSurefireMojo.executeProvider(AbstractSurefireMojo.java:951)
at org.apache.maven.plugin.surefire.AbstractSurefireMojo.executeAfterPreconditionsChecked(AbstractSurefireMojo.java:831)
at org.apache.maven.plugin.surefire.AbstractSurefireMojo.execute(AbstractSurefireMojo.java:729)
at org.apache.maven.plugin.DefaultBuildPluginManager.executeMojo(DefaultBuildPluginManager.java:137)
at org.apache.maven.lifecycle.internal.MojoExecutor.execute(MojoExecutor.java:208)
at org.apache.maven.lifecycle.internal.MojoExecutor.execute(MojoExecutor.java:154)
at org.apache.maven.lifecycle.internal.MojoExecutor.execute(MojoExecutor.java:146)
at org.apache.maven.lifecycle.internal.LifecycleModuleBuilder.buildProject(LifecycleModuleBuilder.java:117)
at org.apache.maven.lifecycle.internal.LifecycleModuleBuilder.buildProject(LifecycleModuleBuilder.java:81)
at org.apache.maven.lifecycle.internal.builder.singlethreaded.SingleThreadedBuilder.build(SingleThreadedBuilder.java:56)
at org.apache.maven.lifecycle.internal.LifecycleStarter.execute(LifecycleStarter.java:128)
at org.apache.maven.DefaultMaven.doExecute(DefaultMaven.java:305)
at org.apache.maven.DefaultMaven.doExecute(DefaultMaven.java:192)
at org.apache.maven.DefaultMaven.execute(DefaultMaven.java:105)
at org.apache.maven.cli.MavenCli.execute(MavenCli.java:954)
at org.apache.maven.cli.MavenCli.doMain(MavenCli.java:288)
at org.apache.maven.cli.MavenCli.main(MavenCli.java:192)
at sun.reflect.NativeMethodAccessorImpl.invoke0(Native Method)
at sun.reflect.NativeMethodAccessorImpl.invoke(NativeMethodAccessorImpl.java:62)
at sun.reflect.DelegatingMethodAccessorImpl.invoke(DelegatingMethodAccessorImpl.java:43)
at java.lang.reflect.Method.invoke(Method.java:498)
at org.codehaus.plexus.classworlds.launcher.Launcher.launchEnhanced(Launcher.java:289)
at org.codehaus.plexus.classworlds.launcher.Launcher.launch(Launcher.java:229)
at org.codehaus.plexus.classworlds.launcher.Launcher.mainWithExitCode(Launcher.java:415)
at org.codehaus.plexus.classworlds.launcher.Launcher.main(Launcher.java:356)
]]>
            </full-stacktrace>
          </exception> <!-- java.lang.AssertionError -->
          <reporter-output>
          </reporter-output>
        </test-method> <!-- TC_007_VerifyPostRequestThatIsUnderDevelopment -->
        <test-method status="PASS" signature="getBaseConfig()[pri:0, instance:groupktservice.apiTestSuite.ApiTest@382c90c2]" name="getBaseConfig" is-config="true" duration-ms="0" started-at="2019-01-07T17:44:12Z" finished-at="2019-01-07T17:44:12Z">
          <reporter-output>
          </reporter-output>
        </test-method> <!-- getBaseConfig -->
      </class> <!-- groupktservice.apiTestSuite.ApiTest -->
    </test> <!-- Test -->
  </suite> <!-- Suite -->
</testng-results>
